2024-12-01 08:02 -  file - INFO - file - check_or_directory_exists - Directory './script/data' already exists.
2024-12-01 08:02 -  urllib3.connectionpool - DEBUG - connectionpool - _new_conn - Starting new HTTPS connection (1): services-api.ryanair.com:443
2024-12-01 08:02 -  urllib3.connectionpool - DEBUG - connectionpool - _make_request - https://services-api.ryanair.com:443 "GET /farfnd/v4/oneWayFares?departureAirportIataCode=VNO&arrivalAirportIataCode=BCN&outboundDepartureDateFrom=2024-12-01&outboundDepartureDateTo=2024-12-01 HTTP/11" 200 None
2024-12-01 08:02 -  __main__ - INFO - ryanair_one_way_cheap - get_flight_values_from_data - No fares found in the response data.
2024-12-01 08:02 -  __main__ - INFO - ryanair_one_way_cheap - get_flights_by_date_range - No flight data available in 2024-12-01
2024-12-01 08:02 -  urllib3.connectionpool - DEBUG - connectionpool - _new_conn - Starting new HTTPS connection (1): services-api.ryanair.com:443
2024-12-01 08:02 -  urllib3.connectionpool - DEBUG - connectionpool - _make_request - https://services-api.ryanair.com:443 "GET /farfnd/v4/oneWayFares?departureAirportIataCode=VNO&arrivalAirportIataCode=BCN&outboundDepartureDateFrom=2024-12-02&outboundDepartureDateTo=2024-12-02 HTTP/11" 200 None
2024-12-01 08:02 -  __main__ - INFO - ryanair_one_way_cheap - get_flight_values_from_data - No fares found in the response data.
2024-12-01 08:02 -  __main__ - INFO - ryanair_one_way_cheap - get_flights_by_date_range - No flight data available in 2024-12-02
2024-12-01 08:02 -  urllib3.connectionpool - DEBUG - connectionpool - _new_conn - Starting new HTTPS connection (1): services-api.ryanair.com:443
2024-12-01 08:02 -  urllib3.connectionpool - DEBUG - connectionpool - _make_request - https://services-api.ryanair.com:443 "GET /farfnd/v4/oneWayFares?departureAirportIataCode=VNO&arrivalAirportIataCode=BCN&outboundDepartureDateFrom=2024-12-03&outboundDepartureDateTo=2024-12-03 HTTP/11" 200 None
2024-12-01 08:02 -  __main__ - INFO - ryanair_one_way_cheap - get_flight_values_from_data - Extracted flight information from response data
2024-12-01 08:02 -  file - INFO - file - read_load_json_file - Successfully loaded data from './script/data/vno_bcn_data.json'.
2024-12-01 08:02 -  file - INFO - file - check_if_entry_exists - Matching entry found.
2024-12-01 08:02 -  file - INFO - file - add_price_to_existing_entry - Added new price 182.16 to price list.Current prices: [148.32, 182.16]
2024-12-01 08:02 -  file - INFO - file - write_data_to_json_file - Data: list successfully written to './script/data/vno_bcn_data.json'.
2024-12-01 08:02 -  __main__ - INFO - ryanair_one_way_cheap - get_flights_by_date_range - Flight data successfully saved for 2024-12-03
2024-12-01 08:02 -  urllib3.connectionpool - DEBUG - connectionpool - _new_conn - Starting new HTTPS connection (1): services-api.ryanair.com:443
2024-12-01 08:02 -  urllib3.connectionpool - DEBUG - connectionpool - _make_request - https://services-api.ryanair.com:443 "GET /farfnd/v4/oneWayFares?departureAirportIataCode=VNO&arrivalAirportIataCode=BCN&outboundDepartureDateFrom=2024-12-04&outboundDepartureDateTo=2024-12-04 HTTP/11" 200 None
2024-12-01 08:02 -  __main__ - INFO - ryanair_one_way_cheap - get_flight_values_from_data - No fares found in the response data.
2024-12-01 08:02 -  __main__ - INFO - ryanair_one_way_cheap - get_flights_by_date_range - No flight data available in 2024-12-04
2024-12-01 08:02 -  urllib3.connectionpool - DEBUG - connectionpool - _new_conn - Starting new HTTPS connection (1): services-api.ryanair.com:443
2024-12-01 08:02 -  urllib3.connectionpool - DEBUG - connectionpool - _make_request - https://services-api.ryanair.com:443 "GET /farfnd/v4/oneWayFares?departureAirportIataCode=VNO&arrivalAirportIataCode=BCN&outboundDepartureDateFrom=2024-12-05&outboundDepartureDateTo=2024-12-05 HTTP/11" 200 None
2024-12-01 08:02 -  __main__ - INFO - ryanair_one_way_cheap - get_flight_values_from_data - No fares found in the response data.
2024-12-01 08:02 -  __main__ - INFO - ryanair_one_way_cheap - get_flights_by_date_range - No flight data available in 2024-12-05
2024-12-01 08:02 -  urllib3.connectionpool - DEBUG - connectionpool - _new_conn - Starting new HTTPS connection (1): services-api.ryanair.com:443
2024-12-01 08:02 -  urllib3.connectionpool - DEBUG - connectionpool - _make_request - https://services-api.ryanair.com:443 "GET /farfnd/v4/oneWayFares?departureAirportIataCode=VNO&arrivalAirportIataCode=BCN&outboundDepartureDateFrom=2024-12-06&outboundDepartureDateTo=2024-12-06 HTTP/11" 200 None
2024-12-01 08:02 -  __main__ - INFO - ryanair_one_way_cheap - get_flight_values_from_data - Extracted flight information from response data
2024-12-01 08:02 -  file - INFO - file - read_load_json_file - Successfully loaded data from './script/data/vno_bcn_data.json'.
2024-12-01 08:02 -  file - INFO - file - check_if_entry_exists - Matching entry found.
2024-12-01 08:02 -  file - INFO - file - add_price_to_existing_entry - Added new price 57.75 to price list.Current prices: [51.87, 57.75]
2024-12-01 08:02 -  file - INFO - file - write_data_to_json_file - Data: list successfully written to './script/data/vno_bcn_data.json'.
2024-12-01 08:02 -  __main__ - INFO - ryanair_one_way_cheap - get_flights_by_date_range - Flight data successfully saved for 2024-12-06
2024-12-01 08:02 -  urllib3.connectionpool - DEBUG - connectionpool - _new_conn - Starting new HTTPS connection (1): services-api.ryanair.com:443
2024-12-01 08:02 -  urllib3.connectionpool - DEBUG - connectionpool - _make_request - https://services-api.ryanair.com:443 "GET /farfnd/v4/oneWayFares?departureAirportIataCode=VNO&arrivalAirportIataCode=BCN&outboundDepartureDateFrom=2024-12-07&outboundDepartureDateTo=2024-12-07 HTTP/11" 200 None
2024-12-01 08:02 -  __main__ - INFO - ryanair_one_way_cheap - get_flight_values_from_data - Extracted flight information from response data
2024-12-01 08:02 -  file - INFO - file - read_load_json_file - Successfully loaded data from './script/data/vno_bcn_data.json'.
2024-12-01 08:02 -  file - INFO - file - check_if_entry_exists - Matching entry found.
2024-12-01 08:02 -  file - INFO - file - add_price_to_existing_entry - Added new price 43.39 to price list.Current prices: [56.3, 43.39]
2024-12-01 08:02 -  file - INFO - file - write_data_to_json_file - Data: list successfully written to './script/data/vno_bcn_data.json'.
2024-12-01 08:02 -  __main__ - INFO - ryanair_one_way_cheap - get_flights_by_date_range - Flight data successfully saved for 2024-12-07
2024-12-01 08:02 -  urllib3.connectionpool - DEBUG - connectionpool - _new_conn - Starting new HTTPS connection (1): services-api.ryanair.com:443
2024-12-01 08:02 -  urllib3.connectionpool - DEBUG - connectionpool - _make_request - https://services-api.ryanair.com:443 "GET /farfnd/v4/oneWayFares?departureAirportIataCode=VNO&arrivalAirportIataCode=BCN&outboundDepartureDateFrom=2024-12-08&outboundDepartureDateTo=2024-12-08 HTTP/11" 200 None
2024-12-01 08:02 -  __main__ - INFO - ryanair_one_way_cheap - get_flight_values_from_data - No fares found in the response data.
2024-12-01 08:02 -  __main__ - INFO - ryanair_one_way_cheap - get_flights_by_date_range - No flight data available in 2024-12-08
2024-12-01 08:02 -  urllib3.connectionpool - DEBUG - connectionpool - _new_conn - Starting new HTTPS connection (1): services-api.ryanair.com:443
2024-12-01 08:02 -  urllib3.connectionpool - DEBUG - connectionpool - _make_request - https://services-api.ryanair.com:443 "GET /farfnd/v4/oneWayFares?departureAirportIataCode=VNO&arrivalAirportIataCode=BCN&outboundDepartureDateFrom=2024-12-09&outboundDepartureDateTo=2024-12-09 HTTP/11" 200 None
2024-12-01 08:02 -  __main__ - INFO - ryanair_one_way_cheap - get_flight_values_from_data - No fares found in the response data.
2024-12-01 08:02 -  __main__ - INFO - ryanair_one_way_cheap - get_flights_by_date_range - No flight data available in 2024-12-09
2024-12-01 08:02 -  urllib3.connectionpool - DEBUG - connectionpool - _new_conn - Starting new HTTPS connection (1): services-api.ryanair.com:443
2024-12-01 08:02 -  urllib3.connectionpool - DEBUG - connectionpool - _make_request - https://services-api.ryanair.com:443 "GET /farfnd/v4/oneWayFares?departureAirportIataCode=VNO&arrivalAirportIataCode=BCN&outboundDepartureDateFrom=2024-12-10&outboundDepartureDateTo=2024-12-10 HTTP/11" 200 None
2024-12-01 08:02 -  __main__ - INFO - ryanair_one_way_cheap - get_flight_values_from_data - Extracted flight information from response data
2024-12-01 08:02 -  file - INFO - file - read_load_json_file - Successfully loaded data from './script/data/vno_bcn_data.json'.
2024-12-01 08:02 -  file - INFO - file - check_if_entry_exists - Matching entry found.
2024-12-01 08:02 -  file - INFO - file - add_price_to_existing_entry - Added new price 55.99 to price list.Current prices: [44.56, 55.99]
2024-12-01 08:02 -  file - INFO - file - write_data_to_json_file - Data: list successfully written to './script/data/vno_bcn_data.json'.
2024-12-01 08:02 -  __main__ - INFO - ryanair_one_way_cheap - get_flights_by_date_range - Flight data successfully saved for 2024-12-10
2024-12-01 08:02 -  urllib3.connectionpool - DEBUG - connectionpool - _new_conn - Starting new HTTPS connection (1): services-api.ryanair.com:443
2024-12-01 08:02 -  urllib3.connectionpool - DEBUG - connectionpool - _make_request - https://services-api.ryanair.com:443 "GET /farfnd/v4/oneWayFares?departureAirportIataCode=VNO&arrivalAirportIataCode=BCN&outboundDepartureDateFrom=2024-12-11&outboundDepartureDateTo=2024-12-11 HTTP/11" 200 None
2024-12-01 08:02 -  __main__ - INFO - ryanair_one_way_cheap - get_flight_values_from_data - No fares found in the response data.
2024-12-01 08:02 -  __main__ - INFO - ryanair_one_way_cheap - get_flights_by_date_range - No flight data available in 2024-12-11
2024-12-01 08:02 -  urllib3.connectionpool - DEBUG - connectionpool - _new_conn - Starting new HTTPS connection (1): services-api.ryanair.com:443
2024-12-01 08:02 -  urllib3.connectionpool - DEBUG - connectionpool - _make_request - https://services-api.ryanair.com:443 "GET /farfnd/v4/oneWayFares?departureAirportIataCode=VNO&arrivalAirportIataCode=BCN&outboundDepartureDateFrom=2024-12-12&outboundDepartureDateTo=2024-12-12 HTTP/11" 200 None
2024-12-01 08:02 -  __main__ - INFO - ryanair_one_way_cheap - get_flight_values_from_data - No fares found in the response data.
2024-12-01 08:02 -  __main__ - INFO - ryanair_one_way_cheap - get_flights_by_date_range - No flight data available in 2024-12-12
2024-12-01 08:02 -  urllib3.connectionpool - DEBUG - connectionpool - _new_conn - Starting new HTTPS connection (1): services-api.ryanair.com:443
2024-12-01 08:02 -  urllib3.connectionpool - DEBUG - connectionpool - _make_request - https://services-api.ryanair.com:443 "GET /farfnd/v4/oneWayFares?departureAirportIataCode=VNO&arrivalAirportIataCode=BCN&outboundDepartureDateFrom=2024-12-13&outboundDepartureDateTo=2024-12-13 HTTP/11" 200 None
2024-12-01 08:02 -  __main__ - INFO - ryanair_one_way_cheap - get_flight_values_from_data - Extracted flight information from response data
2024-12-01 08:02 -  file - INFO - file - read_load_json_file - Successfully loaded data from './script/data/vno_bcn_data.json'.
2024-12-01 08:02 -  file - INFO - file - check_if_entry_exists - Matching entry found.
2024-12-01 08:02 -  file - INFO - file - add_price_to_existing_entry - Added new price 44.41 to price list.Current prices: [39.99, 44.41]
2024-12-01 08:02 -  file - INFO - file - write_data_to_json_file - Data: list successfully written to './script/data/vno_bcn_data.json'.
2024-12-01 08:02 -  __main__ - INFO - ryanair_one_way_cheap - get_flights_by_date_range - Flight data successfully saved for 2024-12-13
2024-12-01 08:02 -  urllib3.connectionpool - DEBUG - connectionpool - _new_conn - Starting new HTTPS connection (1): services-api.ryanair.com:443
2024-12-01 08:02 -  urllib3.connectionpool - DEBUG - connectionpool - _make_request - https://services-api.ryanair.com:443 "GET /farfnd/v4/oneWayFares?departureAirportIataCode=VNO&arrivalAirportIataCode=BCN&outboundDepartureDateFrom=2024-12-14&outboundDepartureDateTo=2024-12-14 HTTP/11" 200 None
2024-12-01 08:02 -  __main__ - INFO - ryanair_one_way_cheap - get_flight_values_from_data - Extracted flight information from response data
2024-12-01 08:02 -  file - INFO - file - read_load_json_file - Successfully loaded data from './script/data/vno_bcn_data.json'.
2024-12-01 08:02 -  file - INFO - file - check_if_entry_exists - Matching entry found.
2024-12-01 08:02 -  file - INFO - file - add_price_to_existing_entry - Added new price 37.95 to price list.Current prices: [42.42, 37.95]
2024-12-01 08:02 -  file - INFO - file - write_data_to_json_file - Data: list successfully written to './script/data/vno_bcn_data.json'.
2024-12-01 08:02 -  __main__ - INFO - ryanair_one_way_cheap - get_flights_by_date_range - Flight data successfully saved for 2024-12-14
2024-12-01 08:02 -  urllib3.connectionpool - DEBUG - connectionpool - _new_conn - Starting new HTTPS connection (1): services-api.ryanair.com:443
2024-12-01 08:02 -  urllib3.connectionpool - DEBUG - connectionpool - _make_request - https://services-api.ryanair.com:443 "GET /farfnd/v4/oneWayFares?departureAirportIataCode=VNO&arrivalAirportIataCode=BCN&outboundDepartureDateFrom=2024-12-15&outboundDepartureDateTo=2024-12-15 HTTP/11" 200 None
2024-12-01 08:02 -  __main__ - INFO - ryanair_one_way_cheap - get_flight_values_from_data - No fares found in the response data.
2024-12-01 08:02 -  __main__ - INFO - ryanair_one_way_cheap - get_flights_by_date_range - No flight data available in 2024-12-15
2024-12-01 08:02 -  urllib3.connectionpool - DEBUG - connectionpool - _new_conn - Starting new HTTPS connection (1): services-api.ryanair.com:443
2024-12-01 08:02 -  urllib3.connectionpool - DEBUG - connectionpool - _make_request - https://services-api.ryanair.com:443 "GET /farfnd/v4/oneWayFares?departureAirportIataCode=VNO&arrivalAirportIataCode=BCN&outboundDepartureDateFrom=2024-12-16&outboundDepartureDateTo=2024-12-16 HTTP/11" 200 None
2024-12-01 08:02 -  __main__ - INFO - ryanair_one_way_cheap - get_flight_values_from_data - No fares found in the response data.
2024-12-01 08:02 -  __main__ - INFO - ryanair_one_way_cheap - get_flights_by_date_range - No flight data available in 2024-12-16
2024-12-01 08:02 -  urllib3.connectionpool - DEBUG - connectionpool - _new_conn - Starting new HTTPS connection (1): services-api.ryanair.com:443
2024-12-01 08:02 -  urllib3.connectionpool - DEBUG - connectionpool - _make_request - https://services-api.ryanair.com:443 "GET /farfnd/v4/oneWayFares?departureAirportIataCode=VNO&arrivalAirportIataCode=BCN&outboundDepartureDateFrom=2024-12-17&outboundDepartureDateTo=2024-12-17 HTTP/11" 200 None
2024-12-01 08:02 -  __main__ - INFO - ryanair_one_way_cheap - get_flight_values_from_data - Extracted flight information from response data
2024-12-01 08:02 -  file - INFO - file - read_load_json_file - Successfully loaded data from './script/data/vno_bcn_data.json'.
2024-12-01 08:02 -  file - INFO - file - check_if_entry_exists - Matching entry found.
2024-12-01 08:02 -  file - INFO - file - check_append_price_and_write_data_to_json_file - No update needed. The price is already in the entry.
2024-12-01 08:02 -  __main__ - INFO - ryanair_one_way_cheap - get_flights_by_date_range - Flight data successfully saved for 2024-12-17
2024-12-01 08:02 -  urllib3.connectionpool - DEBUG - connectionpool - _new_conn - Starting new HTTPS connection (1): services-api.ryanair.com:443
2024-12-01 08:02 -  urllib3.connectionpool - DEBUG - connectionpool - _make_request - https://services-api.ryanair.com:443 "GET /farfnd/v4/oneWayFares?departureAirportIataCode=VNO&arrivalAirportIataCode=BCN&outboundDepartureDateFrom=2024-12-18&outboundDepartureDateTo=2024-12-18 HTTP/11" 200 None
2024-12-01 08:02 -  __main__ - INFO - ryanair_one_way_cheap - get_flight_values_from_data - No fares found in the response data.
2024-12-01 08:02 -  __main__ - INFO - ryanair_one_way_cheap - get_flights_by_date_range - No flight data available in 2024-12-18
2024-12-01 08:02 -  urllib3.connectionpool - DEBUG - connectionpool - _new_conn - Starting new HTTPS connection (1): services-api.ryanair.com:443
2024-12-01 08:02 -  urllib3.connectionpool - DEBUG - connectionpool - _make_request - https://services-api.ryanair.com:443 "GET /farfnd/v4/oneWayFares?departureAirportIataCode=VNO&arrivalAirportIataCode=BCN&outboundDepartureDateFrom=2024-12-19&outboundDepartureDateTo=2024-12-19 HTTP/11" 200 None
2024-12-01 08:02 -  __main__ - INFO - ryanair_one_way_cheap - get_flight_values_from_data - No fares found in the response data.
2024-12-01 08:02 -  __main__ - INFO - ryanair_one_way_cheap - get_flights_by_date_range - No flight data available in 2024-12-19
2024-12-01 08:02 -  urllib3.connectionpool - DEBUG - connectionpool - _new_conn - Starting new HTTPS connection (1): services-api.ryanair.com:443
2024-12-01 08:02 -  urllib3.connectionpool - DEBUG - connectionpool - _make_request - https://services-api.ryanair.com:443 "GET /farfnd/v4/oneWayFares?departureAirportIataCode=VNO&arrivalAirportIataCode=BCN&outboundDepartureDateFrom=2024-12-20&outboundDepartureDateTo=2024-12-20 HTTP/11" 200 None
2024-12-01 08:02 -  __main__ - INFO - ryanair_one_way_cheap - get_flight_values_from_data - Extracted flight information from response data
2024-12-01 08:02 -  file - INFO - file - read_load_json_file - Successfully loaded data from './script/data/vno_bcn_data.json'.
2024-12-01 08:02 -  file - INFO - file - check_if_entry_exists - Matching entry found.
2024-12-01 08:02 -  file - INFO - file - add_price_to_existing_entry - Added new price 111.99 to price list.Current prices: [105.14, 111.99]
2024-12-01 08:02 -  file - INFO - file - write_data_to_json_file - Data: list successfully written to './script/data/vno_bcn_data.json'.
2024-12-01 08:02 -  __main__ - INFO - ryanair_one_way_cheap - get_flights_by_date_range - Flight data successfully saved for 2024-12-20
2024-12-01 08:02 -  urllib3.connectionpool - DEBUG - connectionpool - _new_conn - Starting new HTTPS connection (1): services-api.ryanair.com:443
2024-12-01 08:02 -  urllib3.connectionpool - DEBUG - connectionpool - _make_request - https://services-api.ryanair.com:443 "GET /farfnd/v4/oneWayFares?departureAirportIataCode=VNO&arrivalAirportIataCode=BCN&outboundDepartureDateFrom=2024-12-21&outboundDepartureDateTo=2024-12-21 HTTP/11" 200 None
2024-12-01 08:02 -  __main__ - INFO - ryanair_one_way_cheap - get_flight_values_from_data - Extracted flight information from response data
2024-12-01 08:02 -  file - INFO - file - read_load_json_file - Successfully loaded data from './script/data/vno_bcn_data.json'.
2024-12-01 08:02 -  file - INFO - file - check_if_entry_exists - Matching entry found.
2024-12-01 08:02 -  file - INFO - file - check_append_price_and_write_data_to_json_file - No update needed. The price is already in the entry.
2024-12-01 08:02 -  __main__ - INFO - ryanair_one_way_cheap - get_flights_by_date_range - Flight data successfully saved for 2024-12-21
2024-12-01 08:02 -  urllib3.connectionpool - DEBUG - connectionpool - _new_conn - Starting new HTTPS connection (1): services-api.ryanair.com:443
2024-12-01 08:02 -  urllib3.connectionpool - DEBUG - connectionpool - _make_request - https://services-api.ryanair.com:443 "GET /farfnd/v4/oneWayFares?departureAirportIataCode=VNO&arrivalAirportIataCode=BCN&outboundDepartureDateFrom=2024-12-22&outboundDepartureDateTo=2024-12-22 HTTP/11" 200 None
2024-12-01 08:02 -  __main__ - INFO - ryanair_one_way_cheap - get_flight_values_from_data - No fares found in the response data.
2024-12-01 08:02 -  __main__ - INFO - ryanair_one_way_cheap - get_flights_by_date_range - No flight data available in 2024-12-22
2024-12-01 08:02 -  urllib3.connectionpool - DEBUG - connectionpool - _new_conn - Starting new HTTPS connection (1): services-api.ryanair.com:443
2024-12-01 08:02 -  urllib3.connectionpool - DEBUG - connectionpool - _make_request - https://services-api.ryanair.com:443 "GET /farfnd/v4/oneWayFares?departureAirportIataCode=VNO&arrivalAirportIataCode=BCN&outboundDepartureDateFrom=2024-12-23&outboundDepartureDateTo=2024-12-23 HTTP/11" 200 None
2024-12-01 08:02 -  __main__ - INFO - ryanair_one_way_cheap - get_flight_values_from_data - No fares found in the response data.
2024-12-01 08:02 -  __main__ - INFO - ryanair_one_way_cheap - get_flights_by_date_range - No flight data available in 2024-12-23
2024-12-01 08:02 -  urllib3.connectionpool - DEBUG - connectionpool - _new_conn - Starting new HTTPS connection (1): services-api.ryanair.com:443
2024-12-01 08:02 -  urllib3.connectionpool - DEBUG - connectionpool - _make_request - https://services-api.ryanair.com:443 "GET /farfnd/v4/oneWayFares?departureAirportIataCode=VNO&arrivalAirportIataCode=BCN&outboundDepartureDateFrom=2024-12-24&outboundDepartureDateTo=2024-12-24 HTTP/11" 200 None
2024-12-01 08:02 -  __main__ - INFO - ryanair_one_way_cheap - get_flight_values_from_data - No fares found in the response data.
2024-12-01 08:02 -  __main__ - INFO - ryanair_one_way_cheap - get_flights_by_date_range - No flight data available in 2024-12-24
2024-12-01 08:02 -  urllib3.connectionpool - DEBUG - connectionpool - _new_conn - Starting new HTTPS connection (1): services-api.ryanair.com:443
2024-12-01 08:02 -  urllib3.connectionpool - DEBUG - connectionpool - _make_request - https://services-api.ryanair.com:443 "GET /farfnd/v4/oneWayFares?departureAirportIataCode=VNO&arrivalAirportIataCode=BCN&outboundDepartureDateFrom=2024-12-25&outboundDepartureDateTo=2024-12-25 HTTP/11" 200 None
2024-12-01 08:02 -  __main__ - INFO - ryanair_one_way_cheap - get_flight_values_from_data - No fares found in the response data.
2024-12-01 08:02 -  __main__ - INFO - ryanair_one_way_cheap - get_flights_by_date_range - No flight data available in 2024-12-25
2024-12-01 08:02 -  urllib3.connectionpool - DEBUG - connectionpool - _new_conn - Starting new HTTPS connection (1): services-api.ryanair.com:443
2024-12-01 08:02 -  urllib3.connectionpool - DEBUG - connectionpool - _make_request - https://services-api.ryanair.com:443 "GET /farfnd/v4/oneWayFares?departureAirportIataCode=VNO&arrivalAirportIataCode=BCN&outboundDepartureDateFrom=2024-12-26&outboundDepartureDateTo=2024-12-26 HTTP/11" 200 None
2024-12-01 08:02 -  __main__ - INFO - ryanair_one_way_cheap - get_flight_values_from_data - No fares found in the response data.
2024-12-01 08:02 -  __main__ - INFO - ryanair_one_way_cheap - get_flights_by_date_range - No flight data available in 2024-12-26
2024-12-01 08:02 -  urllib3.connectionpool - DEBUG - connectionpool - _new_conn - Starting new HTTPS connection (1): services-api.ryanair.com:443
2024-12-01 08:02 -  urllib3.connectionpool - DEBUG - connectionpool - _make_request - https://services-api.ryanair.com:443 "GET /farfnd/v4/oneWayFares?departureAirportIataCode=VNO&arrivalAirportIataCode=BCN&outboundDepartureDateFrom=2024-12-27&outboundDepartureDateTo=2024-12-27 HTTP/11" 200 None
2024-12-01 08:02 -  __main__ - INFO - ryanair_one_way_cheap - get_flight_values_from_data - Extracted flight information from response data
2024-12-01 08:02 -  file - INFO - file - read_load_json_file - Successfully loaded data from './script/data/vno_bcn_data.json'.
2024-12-01 08:02 -  file - INFO - file - check_if_entry_exists - Matching entry found.
2024-12-01 08:02 -  file - INFO - file - add_price_to_existing_entry - Added new price 229.99 to price list.Current prices: [243.9, 229.99]
2024-12-01 08:02 -  file - INFO - file - write_data_to_json_file - Data: list successfully written to './script/data/vno_bcn_data.json'.
2024-12-01 08:02 -  __main__ - INFO - ryanair_one_way_cheap - get_flights_by_date_range - Flight data successfully saved for 2024-12-27
2024-12-01 08:02 -  urllib3.connectionpool - DEBUG - connectionpool - _new_conn - Starting new HTTPS connection (1): services-api.ryanair.com:443
2024-12-01 08:02 -  urllib3.connectionpool - DEBUG - connectionpool - _make_request - https://services-api.ryanair.com:443 "GET /farfnd/v4/oneWayFares?departureAirportIataCode=VNO&arrivalAirportIataCode=BCN&outboundDepartureDateFrom=2024-12-28&outboundDepartureDateTo=2024-12-28 HTTP/11" 200 None
2024-12-01 08:02 -  __main__ - INFO - ryanair_one_way_cheap - get_flight_values_from_data - Extracted flight information from response data
2024-12-01 08:02 -  file - INFO - file - read_load_json_file - Successfully loaded data from './script/data/vno_bcn_data.json'.
2024-12-01 08:02 -  file - INFO - file - check_if_entry_exists - Matching entry found.
2024-12-01 08:02 -  file - INFO - file - check_append_price_and_write_data_to_json_file - No update needed. The price is already in the entry.
2024-12-01 08:02 -  __main__ - INFO - ryanair_one_way_cheap - get_flights_by_date_range - Flight data successfully saved for 2024-12-28
2024-12-01 08:02 -  urllib3.connectionpool - DEBUG - connectionpool - _new_conn - Starting new HTTPS connection (1): services-api.ryanair.com:443
2024-12-01 08:02 -  urllib3.connectionpool - DEBUG - connectionpool - _make_request - https://services-api.ryanair.com:443 "GET /farfnd/v4/oneWayFares?departureAirportIataCode=VNO&arrivalAirportIataCode=BCN&outboundDepartureDateFrom=2024-12-29&outboundDepartureDateTo=2024-12-29 HTTP/11" 200 None
2024-12-01 08:02 -  __main__ - INFO - ryanair_one_way_cheap - get_flight_values_from_data - No fares found in the response data.
2024-12-01 08:02 -  __main__ - INFO - ryanair_one_way_cheap - get_flights_by_date_range - No flight data available in 2024-12-29
2024-12-01 08:02 -  urllib3.connectionpool - DEBUG - connectionpool - _new_conn - Starting new HTTPS connection (1): services-api.ryanair.com:443
2024-12-01 08:02 -  urllib3.connectionpool - DEBUG - connectionpool - _make_request - https://services-api.ryanair.com:443 "GET /farfnd/v4/oneWayFares?departureAirportIataCode=VNO&arrivalAirportIataCode=BCN&outboundDepartureDateFrom=2024-12-30&outboundDepartureDateTo=2024-12-30 HTTP/11" 200 None
2024-12-01 08:02 -  __main__ - INFO - ryanair_one_way_cheap - get_flight_values_from_data - No fares found in the response data.
2024-12-01 08:02 -  __main__ - INFO - ryanair_one_way_cheap - get_flights_by_date_range - No flight data available in 2024-12-30
2024-12-01 08:02 -  urllib3.connectionpool - DEBUG - connectionpool - _new_conn - Starting new HTTPS connection (1): services-api.ryanair.com:443
2024-12-01 08:02 -  urllib3.connectionpool - DEBUG - connectionpool - _make_request - https://services-api.ryanair.com:443 "GET /farfnd/v4/oneWayFares?departureAirportIataCode=VNO&arrivalAirportIataCode=BCN&outboundDepartureDateFrom=2024-12-31&outboundDepartureDateTo=2024-12-31 HTTP/11" 200 None
2024-12-01 08:02 -  __main__ - INFO - ryanair_one_way_cheap - get_flight_values_from_data - No fares found in the response data.
2024-12-01 08:02 -  __main__ - INFO - ryanair_one_way_cheap - get_flights_by_date_range - No flight data available in 2024-12-31
2024-12-01 08:02 -  urllib3.connectionpool - DEBUG - connectionpool - _new_conn - Starting new HTTPS connection (1): services-api.ryanair.com:443
2024-12-01 08:02 -  urllib3.connectionpool - DEBUG - connectionpool - _make_request - https://services-api.ryanair.com:443 "GET /farfnd/v4/oneWayFares?departureAirportIataCode=VNO&arrivalAirportIataCode=BCN&outboundDepartureDateFrom=2025-01-01&outboundDepartureDateTo=2025-01-01 HTTP/11" 200 None
2024-12-01 08:02 -  __main__ - INFO - ryanair_one_way_cheap - get_flight_values_from_data - Extracted flight information from response data
2024-12-01 08:02 -  file - INFO - file - read_load_json_file - Successfully loaded data from './script/data/vno_bcn_data.json'.
2024-12-01 08:02 -  file - INFO - file - check_if_entry_exists - Matching entry found.
2024-12-01 08:02 -  file - INFO - file - add_price_to_existing_entry - Added new price 73.99 to price list.Current prices: [98.0, 73.99]
2024-12-01 08:02 -  file - INFO - file - write_data_to_json_file - Data: list successfully written to './script/data/vno_bcn_data.json'.
2024-12-01 08:02 -  __main__ - INFO - ryanair_one_way_cheap - get_flights_by_date_range - Flight data successfully saved for 2025-01-01
2024-12-01 08:02 -  urllib3.connectionpool - DEBUG - connectionpool - _new_conn - Starting new HTTPS connection (1): services-api.ryanair.com:443
2024-12-01 08:02 -  urllib3.connectionpool - DEBUG - connectionpool - _make_request - https://services-api.ryanair.com:443 "GET /farfnd/v4/oneWayFares?departureAirportIataCode=VNO&arrivalAirportIataCode=BCN&outboundDepartureDateFrom=2025-01-02&outboundDepartureDateTo=2025-01-02 HTTP/11" 200 None
2024-12-01 08:02 -  __main__ - INFO - ryanair_one_way_cheap - get_flight_values_from_data - No fares found in the response data.
2024-12-01 08:02 -  __main__ - INFO - ryanair_one_way_cheap - get_flights_by_date_range - No flight data available in 2025-01-02
2024-12-01 08:02 -  urllib3.connectionpool - DEBUG - connectionpool - _new_conn - Starting new HTTPS connection (1): services-api.ryanair.com:443
2024-12-01 08:02 -  urllib3.connectionpool - DEBUG - connectionpool - _make_request - https://services-api.ryanair.com:443 "GET /farfnd/v4/oneWayFares?departureAirportIataCode=VNO&arrivalAirportIataCode=BCN&outboundDepartureDateFrom=2025-01-03&outboundDepartureDateTo=2025-01-03 HTTP/11" 200 None
2024-12-01 08:02 -  __main__ - INFO - ryanair_one_way_cheap - get_flight_values_from_data - Extracted flight information from response data
2024-12-01 08:02 -  file - INFO - file - read_load_json_file - Successfully loaded data from './script/data/vno_bcn_data.json'.
2024-12-01 08:02 -  file - INFO - file - check_if_entry_exists - Matching entry found.
2024-12-01 08:02 -  file - INFO - file - add_price_to_existing_entry - Added new price 96.7 to price list.Current prices: [97.24, 96.7]
2024-12-01 08:02 -  file - INFO - file - write_data_to_json_file - Data: list successfully written to './script/data/vno_bcn_data.json'.
2024-12-01 08:02 -  __main__ - INFO - ryanair_one_way_cheap - get_flights_by_date_range - Flight data successfully saved for 2025-01-03
2024-12-01 08:02 -  urllib3.connectionpool - DEBUG - connectionpool - _new_conn - Starting new HTTPS connection (1): services-api.ryanair.com:443
2024-12-01 08:02 -  urllib3.connectionpool - DEBUG - connectionpool - _make_request - https://services-api.ryanair.com:443 "GET /farfnd/v4/oneWayFares?departureAirportIataCode=VNO&arrivalAirportIataCode=BCN&outboundDepartureDateFrom=2025-01-04&outboundDepartureDateTo=2025-01-04 HTTP/11" 200 None
2024-12-01 08:02 -  __main__ - INFO - ryanair_one_way_cheap - get_flight_values_from_data - Extracted flight information from response data
2024-12-01 08:02 -  file - INFO - file - read_load_json_file - Successfully loaded data from './script/data/vno_bcn_data.json'.
2024-12-01 08:02 -  file - INFO - file - check_if_entry_exists - Matching entry found.
2024-12-01 08:02 -  file - INFO - file - add_price_to_existing_entry - Added new price 120.87 to price list.Current prices: [106.19, 120.87]
2024-12-01 08:02 -  file - INFO - file - write_data_to_json_file - Data: list successfully written to './script/data/vno_bcn_data.json'.
2024-12-01 08:02 -  __main__ - INFO - ryanair_one_way_cheap - get_flights_by_date_range - Flight data successfully saved for 2025-01-04
2024-12-01 08:02 -  urllib3.connectionpool - DEBUG - connectionpool - _new_conn - Starting new HTTPS connection (1): services-api.ryanair.com:443
2024-12-01 08:02 -  urllib3.connectionpool - DEBUG - connectionpool - _make_request - https://services-api.ryanair.com:443 "GET /farfnd/v4/oneWayFares?departureAirportIataCode=VNO&arrivalAirportIataCode=BCN&outboundDepartureDateFrom=2025-01-05&outboundDepartureDateTo=2025-01-05 HTTP/11" 200 None
2024-12-01 08:02 -  __main__ - INFO - ryanair_one_way_cheap - get_flight_values_from_data - No fares found in the response data.
2024-12-01 08:02 -  __main__ - INFO - ryanair_one_way_cheap - get_flights_by_date_range - No flight data available in 2025-01-05
2024-12-01 08:02 -  urllib3.connectionpool - DEBUG - connectionpool - _new_conn - Starting new HTTPS connection (1): services-api.ryanair.com:443
2024-12-01 08:02 -  urllib3.connectionpool - DEBUG - connectionpool - _make_request - https://services-api.ryanair.com:443 "GET /farfnd/v4/oneWayFares?departureAirportIataCode=VNO&arrivalAirportIataCode=BCN&outboundDepartureDateFrom=2025-01-06&outboundDepartureDateTo=2025-01-06 HTTP/11" 200 None
2024-12-01 08:02 -  __main__ - INFO - ryanair_one_way_cheap - get_flight_values_from_data - No fares found in the response data.
2024-12-01 08:02 -  __main__ - INFO - ryanair_one_way_cheap - get_flights_by_date_range - No flight data available in 2025-01-06
2024-12-01 08:02 -  urllib3.connectionpool - DEBUG - connectionpool - _new_conn - Starting new HTTPS connection (1): services-api.ryanair.com:443
2024-12-01 08:02 -  urllib3.connectionpool - DEBUG - connectionpool - _make_request - https://services-api.ryanair.com:443 "GET /farfnd/v4/oneWayFares?departureAirportIataCode=VNO&arrivalAirportIataCode=BCN&outboundDepartureDateFrom=2025-01-07&outboundDepartureDateTo=2025-01-07 HTTP/11" 200 None
2024-12-01 08:02 -  __main__ - INFO - ryanair_one_way_cheap - get_flight_values_from_data - Extracted flight information from response data
2024-12-01 08:02 -  file - INFO - file - read_load_json_file - Successfully loaded data from './script/data/vno_bcn_data.json'.
2024-12-01 08:02 -  file - INFO - file - check_if_entry_exists - Matching entry found.
2024-12-01 08:02 -  file - INFO - file - add_price_to_existing_entry - Added new price 72.95 to price list.Current prices: [74.24, 72.95]
2024-12-01 08:02 -  file - INFO - file - write_data_to_json_file - Data: list successfully written to './script/data/vno_bcn_data.json'.
2024-12-01 08:02 -  __main__ - INFO - ryanair_one_way_cheap - get_flights_by_date_range - Flight data successfully saved for 2025-01-07
2024-12-01 08:02 -  urllib3.connectionpool - DEBUG - connectionpool - _new_conn - Starting new HTTPS connection (1): services-api.ryanair.com:443
2024-12-01 08:02 -  urllib3.connectionpool - DEBUG - connectionpool - _make_request - https://services-api.ryanair.com:443 "GET /farfnd/v4/oneWayFares?departureAirportIataCode=VNO&arrivalAirportIataCode=BCN&outboundDepartureDateFrom=2025-01-08&outboundDepartureDateTo=2025-01-08 HTTP/11" 200 None
2024-12-01 08:02 -  __main__ - INFO - ryanair_one_way_cheap - get_flight_values_from_data - No fares found in the response data.
2024-12-01 08:02 -  __main__ - INFO - ryanair_one_way_cheap - get_flights_by_date_range - No flight data available in 2025-01-08
2024-12-01 08:02 -  urllib3.connectionpool - DEBUG - connectionpool - _new_conn - Starting new HTTPS connection (1): services-api.ryanair.com:443
2024-12-01 08:02 -  urllib3.connectionpool - DEBUG - connectionpool - _make_request - https://services-api.ryanair.com:443 "GET /farfnd/v4/oneWayFares?departureAirportIataCode=VNO&arrivalAirportIataCode=BCN&outboundDepartureDateFrom=2025-01-09&outboundDepartureDateTo=2025-01-09 HTTP/11" 200 None
2024-12-01 08:02 -  __main__ - INFO - ryanair_one_way_cheap - get_flight_values_from_data - No fares found in the response data.
2024-12-01 08:02 -  __main__ - INFO - ryanair_one_way_cheap - get_flights_by_date_range - No flight data available in 2025-01-09
2024-12-01 08:02 -  urllib3.connectionpool - DEBUG - connectionpool - _new_conn - Starting new HTTPS connection (1): services-api.ryanair.com:443
2024-12-01 08:02 -  urllib3.connectionpool - DEBUG - connectionpool - _make_request - https://services-api.ryanair.com:443 "GET /farfnd/v4/oneWayFares?departureAirportIataCode=VNO&arrivalAirportIataCode=BCN&outboundDepartureDateFrom=2025-01-10&outboundDepartureDateTo=2025-01-10 HTTP/11" 200 None
2024-12-01 08:02 -  __main__ - INFO - ryanair_one_way_cheap - get_flight_values_from_data - Extracted flight information from response data
2024-12-01 08:02 -  file - INFO - file - read_load_json_file - Successfully loaded data from './script/data/vno_bcn_data.json'.
2024-12-01 08:02 -  file - INFO - file - check_if_entry_exists - Matching entry found.
2024-12-01 08:02 -  file - INFO - file - add_price_to_existing_entry - Added new price 51.87 to price list.Current prices: [58.24, 51.87]
2024-12-01 08:02 -  file - INFO - file - write_data_to_json_file - Data: list successfully written to './script/data/vno_bcn_data.json'.
2024-12-01 08:02 -  __main__ - INFO - ryanair_one_way_cheap - get_flights_by_date_range - Flight data successfully saved for 2025-01-10
2024-12-01 08:02 -  urllib3.connectionpool - DEBUG - connectionpool - _new_conn - Starting new HTTPS connection (1): services-api.ryanair.com:443
2024-12-01 08:02 -  urllib3.connectionpool - DEBUG - connectionpool - _make_request - https://services-api.ryanair.com:443 "GET /farfnd/v4/oneWayFares?departureAirportIataCode=VNO&arrivalAirportIataCode=BCN&outboundDepartureDateFrom=2025-01-11&outboundDepartureDateTo=2025-01-11 HTTP/11" 200 None
2024-12-01 08:02 -  __main__ - INFO - ryanair_one_way_cheap - get_flight_values_from_data - Extracted flight information from response data
2024-12-01 08:02 -  file - INFO - file - read_load_json_file - Successfully loaded data from './script/data/vno_bcn_data.json'.
2024-12-01 08:02 -  file - INFO - file - check_if_entry_exists - Matching entry found.
2024-12-01 08:02 -  file - INFO - file - add_price_to_existing_entry - Added new price 50.99 to price list.Current prices: [45.99, 50.99]
2024-12-01 08:02 -  file - INFO - file - write_data_to_json_file - Data: list successfully written to './script/data/vno_bcn_data.json'.
2024-12-01 08:02 -  __main__ - INFO - ryanair_one_way_cheap - get_flights_by_date_range - Flight data successfully saved for 2025-01-11
2024-12-01 08:02 -  urllib3.connectionpool - DEBUG - connectionpool - _new_conn - Starting new HTTPS connection (1): services-api.ryanair.com:443
2024-12-01 08:02 -  urllib3.connectionpool - DEBUG - connectionpool - _make_request - https://services-api.ryanair.com:443 "GET /farfnd/v4/oneWayFares?departureAirportIataCode=VNO&arrivalAirportIataCode=BCN&outboundDepartureDateFrom=2025-01-12&outboundDepartureDateTo=2025-01-12 HTTP/11" 200 None
2024-12-01 08:02 -  __main__ - INFO - ryanair_one_way_cheap - get_flight_values_from_data - No fares found in the response data.
2024-12-01 08:02 -  __main__ - INFO - ryanair_one_way_cheap - get_flights_by_date_range - No flight data available in 2025-01-12
2024-12-01 08:02 -  urllib3.connectionpool - DEBUG - connectionpool - _new_conn - Starting new HTTPS connection (1): services-api.ryanair.com:443
2024-12-01 08:02 -  urllib3.connectionpool - DEBUG - connectionpool - _make_request - https://services-api.ryanair.com:443 "GET /farfnd/v4/oneWayFares?departureAirportIataCode=VNO&arrivalAirportIataCode=BCN&outboundDepartureDateFrom=2025-01-13&outboundDepartureDateTo=2025-01-13 HTTP/11" 200 None
2024-12-01 08:02 -  __main__ - INFO - ryanair_one_way_cheap - get_flight_values_from_data - No fares found in the response data.
2024-12-01 08:02 -  __main__ - INFO - ryanair_one_way_cheap - get_flights_by_date_range - No flight data available in 2025-01-13
2024-12-01 08:02 -  urllib3.connectionpool - DEBUG - connectionpool - _new_conn - Starting new HTTPS connection (1): services-api.ryanair.com:443
2024-12-01 08:02 -  urllib3.connectionpool - DEBUG - connectionpool - _make_request - https://services-api.ryanair.com:443 "GET /farfnd/v4/oneWayFares?departureAirportIataCode=VNO&arrivalAirportIataCode=BCN&outboundDepartureDateFrom=2025-01-14&outboundDepartureDateTo=2025-01-14 HTTP/11" 200 None
2024-12-01 08:02 -  __main__ - INFO - ryanair_one_way_cheap - get_flight_values_from_data - Extracted flight information from response data
2024-12-01 08:02 -  file - INFO - file - read_load_json_file - Successfully loaded data from './script/data/vno_bcn_data.json'.
2024-12-01 08:02 -  file - INFO - file - check_if_entry_exists - Matching entry found.
2024-12-01 08:02 -  file - INFO - file - add_price_to_existing_entry - Added new price 49.99 to price list.Current prices: [57.75, 49.99]
2024-12-01 08:02 -  file - INFO - file - write_data_to_json_file - Data: list successfully written to './script/data/vno_bcn_data.json'.
2024-12-01 08:02 -  __main__ - INFO - ryanair_one_way_cheap - get_flights_by_date_range - Flight data successfully saved for 2025-01-14
2024-12-01 08:02 -  urllib3.connectionpool - DEBUG - connectionpool - _new_conn - Starting new HTTPS connection (1): services-api.ryanair.com:443
2024-12-01 08:02 -  urllib3.connectionpool - DEBUG - connectionpool - _make_request - https://services-api.ryanair.com:443 "GET /farfnd/v4/oneWayFares?departureAirportIataCode=VNO&arrivalAirportIataCode=BCN&outboundDepartureDateFrom=2025-01-15&outboundDepartureDateTo=2025-01-15 HTTP/11" 200 None
2024-12-01 08:02 -  __main__ - INFO - ryanair_one_way_cheap - get_flight_values_from_data - No fares found in the response data.
2024-12-01 08:02 -  __main__ - INFO - ryanair_one_way_cheap - get_flights_by_date_range - No flight data available in 2025-01-15
2024-12-01 08:02 -  urllib3.connectionpool - DEBUG - connectionpool - _new_conn - Starting new HTTPS connection (1): services-api.ryanair.com:443
2024-12-01 08:02 -  urllib3.connectionpool - DEBUG - connectionpool - _make_request - https://services-api.ryanair.com:443 "GET /farfnd/v4/oneWayFares?departureAirportIataCode=VNO&arrivalAirportIataCode=BCN&outboundDepartureDateFrom=2025-01-16&outboundDepartureDateTo=2025-01-16 HTTP/11" 200 None
2024-12-01 08:02 -  __main__ - INFO - ryanair_one_way_cheap - get_flight_values_from_data - No fares found in the response data.
2024-12-01 08:02 -  __main__ - INFO - ryanair_one_way_cheap - get_flights_by_date_range - No flight data available in 2025-01-16
2024-12-01 08:02 -  urllib3.connectionpool - DEBUG - connectionpool - _new_conn - Starting new HTTPS connection (1): services-api.ryanair.com:443
2024-12-01 08:02 -  urllib3.connectionpool - DEBUG - connectionpool - _make_request - https://services-api.ryanair.com:443 "GET /farfnd/v4/oneWayFares?departureAirportIataCode=VNO&arrivalAirportIataCode=BCN&outboundDepartureDateFrom=2025-01-17&outboundDepartureDateTo=2025-01-17 HTTP/11" 200 None
2024-12-01 08:02 -  __main__ - INFO - ryanair_one_way_cheap - get_flight_values_from_data - Extracted flight information from response data
2024-12-01 08:02 -  file - INFO - file - read_load_json_file - Successfully loaded data from './script/data/vno_bcn_data.json'.
2024-12-01 08:02 -  file - INFO - file - check_if_entry_exists - Matching entry found.
2024-12-01 08:02 -  file - INFO - file - add_price_to_existing_entry - Added new price 63.9 to price list.Current prices: [65.04, 63.9]
2024-12-01 08:02 -  file - INFO - file - write_data_to_json_file - Data: list successfully written to './script/data/vno_bcn_data.json'.
2024-12-01 08:02 -  __main__ - INFO - ryanair_one_way_cheap - get_flights_by_date_range - Flight data successfully saved for 2025-01-17
2024-12-01 08:02 -  urllib3.connectionpool - DEBUG - connectionpool - _new_conn - Starting new HTTPS connection (1): services-api.ryanair.com:443
2024-12-01 08:02 -  urllib3.connectionpool - DEBUG - connectionpool - _make_request - https://services-api.ryanair.com:443 "GET /farfnd/v4/oneWayFares?departureAirportIataCode=VNO&arrivalAirportIataCode=BCN&outboundDepartureDateFrom=2025-01-18&outboundDepartureDateTo=2025-01-18 HTTP/11" 200 None
2024-12-01 08:02 -  __main__ - INFO - ryanair_one_way_cheap - get_flight_values_from_data - Extracted flight information from response data
2024-12-01 08:02 -  file - INFO - file - read_load_json_file - Successfully loaded data from './script/data/vno_bcn_data.json'.
2024-12-01 08:02 -  file - INFO - file - check_if_entry_exists - Matching entry found.
2024-12-01 08:02 -  file - INFO - file - check_append_price_and_write_data_to_json_file - No update needed. The price is already in the entry.
2024-12-01 08:02 -  __main__ - INFO - ryanair_one_way_cheap - get_flights_by_date_range - Flight data successfully saved for 2025-01-18
2024-12-01 08:02 -  urllib3.connectionpool - DEBUG - connectionpool - _new_conn - Starting new HTTPS connection (1): services-api.ryanair.com:443
2024-12-01 08:02 -  urllib3.connectionpool - DEBUG - connectionpool - _make_request - https://services-api.ryanair.com:443 "GET /farfnd/v4/oneWayFares?departureAirportIataCode=VNO&arrivalAirportIataCode=BCN&outboundDepartureDateFrom=2025-01-19&outboundDepartureDateTo=2025-01-19 HTTP/11" 200 None
2024-12-01 08:02 -  __main__ - INFO - ryanair_one_way_cheap - get_flight_values_from_data - No fares found in the response data.
2024-12-01 08:02 -  __main__ - INFO - ryanair_one_way_cheap - get_flights_by_date_range - No flight data available in 2025-01-19
2024-12-01 08:02 -  urllib3.connectionpool - DEBUG - connectionpool - _new_conn - Starting new HTTPS connection (1): services-api.ryanair.com:443
2024-12-01 08:02 -  urllib3.connectionpool - DEBUG - connectionpool - _make_request - https://services-api.ryanair.com:443 "GET /farfnd/v4/oneWayFares?departureAirportIataCode=VNO&arrivalAirportIataCode=BCN&outboundDepartureDateFrom=2025-01-20&outboundDepartureDateTo=2025-01-20 HTTP/11" 200 None
2024-12-01 08:02 -  __main__ - INFO - ryanair_one_way_cheap - get_flight_values_from_data - No fares found in the response data.
2024-12-01 08:02 -  __main__ - INFO - ryanair_one_way_cheap - get_flights_by_date_range - No flight data available in 2025-01-20
2024-12-01 08:02 -  urllib3.connectionpool - DEBUG - connectionpool - _new_conn - Starting new HTTPS connection (1): services-api.ryanair.com:443
2024-12-01 08:02 -  urllib3.connectionpool - DEBUG - connectionpool - _make_request - https://services-api.ryanair.com:443 "GET /farfnd/v4/oneWayFares?departureAirportIataCode=VNO&arrivalAirportIataCode=BCN&outboundDepartureDateFrom=2025-01-21&outboundDepartureDateTo=2025-01-21 HTTP/11" 200 None
2024-12-01 08:02 -  __main__ - INFO - ryanair_one_way_cheap - get_flight_values_from_data - Extracted flight information from response data
2024-12-01 08:02 -  file - INFO - file - read_load_json_file - Successfully loaded data from './script/data/vno_bcn_data.json'.
2024-12-01 08:02 -  file - INFO - file - check_if_entry_exists - Matching entry found.
2024-12-01 08:02 -  file - INFO - file - add_price_to_existing_entry - Added new price 52.3 to price list.Current prices: [44.99, 52.3]
2024-12-01 08:02 -  file - INFO - file - write_data_to_json_file - Data: list successfully written to './script/data/vno_bcn_data.json'.
2024-12-01 08:02 -  __main__ - INFO - ryanair_one_way_cheap - get_flights_by_date_range - Flight data successfully saved for 2025-01-21
2024-12-01 08:02 -  urllib3.connectionpool - DEBUG - connectionpool - _new_conn - Starting new HTTPS connection (1): services-api.ryanair.com:443
2024-12-01 08:02 -  urllib3.connectionpool - DEBUG - connectionpool - _make_request - https://services-api.ryanair.com:443 "GET /farfnd/v4/oneWayFares?departureAirportIataCode=VNO&arrivalAirportIataCode=BCN&outboundDepartureDateFrom=2025-01-22&outboundDepartureDateTo=2025-01-22 HTTP/11" 200 None
2024-12-01 08:02 -  __main__ - INFO - ryanair_one_way_cheap - get_flight_values_from_data - No fares found in the response data.
2024-12-01 08:02 -  __main__ - INFO - ryanair_one_way_cheap - get_flights_by_date_range - No flight data available in 2025-01-22
2024-12-01 08:02 -  urllib3.connectionpool - DEBUG - connectionpool - _new_conn - Starting new HTTPS connection (1): services-api.ryanair.com:443
2024-12-01 08:02 -  urllib3.connectionpool - DEBUG - connectionpool - _make_request - https://services-api.ryanair.com:443 "GET /farfnd/v4/oneWayFares?departureAirportIataCode=VNO&arrivalAirportIataCode=BCN&outboundDepartureDateFrom=2025-01-23&outboundDepartureDateTo=2025-01-23 HTTP/11" 200 None
2024-12-01 08:02 -  __main__ - INFO - ryanair_one_way_cheap - get_flight_values_from_data - No fares found in the response data.
2024-12-01 08:02 -  __main__ - INFO - ryanair_one_way_cheap - get_flights_by_date_range - No flight data available in 2025-01-23
2024-12-01 08:02 -  urllib3.connectionpool - DEBUG - connectionpool - _new_conn - Starting new HTTPS connection (1): services-api.ryanair.com:443
2024-12-01 08:02 -  urllib3.connectionpool - DEBUG - connectionpool - _make_request - https://services-api.ryanair.com:443 "GET /farfnd/v4/oneWayFares?departureAirportIataCode=VNO&arrivalAirportIataCode=BCN&outboundDepartureDateFrom=2025-01-24&outboundDepartureDateTo=2025-01-24 HTTP/11" 200 None
2024-12-01 08:02 -  __main__ - INFO - ryanair_one_way_cheap - get_flight_values_from_data - Extracted flight information from response data
2024-12-01 08:02 -  file - INFO - file - read_load_json_file - Successfully loaded data from './script/data/vno_bcn_data.json'.
2024-12-01 08:02 -  file - INFO - file - check_if_entry_exists - Matching entry found.
2024-12-01 08:02 -  file - INFO - file - add_price_to_existing_entry - Added new price 46.45 to price list.Current prices: [46.11, 46.45]
2024-12-01 08:02 -  file - INFO - file - write_data_to_json_file - Data: list successfully written to './script/data/vno_bcn_data.json'.
2024-12-01 08:02 -  __main__ - INFO - ryanair_one_way_cheap - get_flights_by_date_range - Flight data successfully saved for 2025-01-24
2024-12-01 08:02 -  urllib3.connectionpool - DEBUG - connectionpool - _new_conn - Starting new HTTPS connection (1): services-api.ryanair.com:443
2024-12-01 08:02 -  urllib3.connectionpool - DEBUG - connectionpool - _make_request - https://services-api.ryanair.com:443 "GET /farfnd/v4/oneWayFares?departureAirportIataCode=VNO&arrivalAirportIataCode=BCN&outboundDepartureDateFrom=2025-01-25&outboundDepartureDateTo=2025-01-25 HTTP/11" 200 None
2024-12-01 08:02 -  __main__ - INFO - ryanair_one_way_cheap - get_flight_values_from_data - Extracted flight information from response data
2024-12-01 08:02 -  file - INFO - file - read_load_json_file - Successfully loaded data from './script/data/vno_bcn_data.json'.
2024-12-01 08:02 -  file - INFO - file - check_if_entry_exists - Matching entry found.
2024-12-01 08:02 -  file - INFO - file - add_price_to_existing_entry - Added new price 55.99 to price list.Current prices: [63.99, 55.99]
2024-12-01 08:02 -  file - INFO - file - write_data_to_json_file - Data: list successfully written to './script/data/vno_bcn_data.json'.
2024-12-01 08:02 -  __main__ - INFO - ryanair_one_way_cheap - get_flights_by_date_range - Flight data successfully saved for 2025-01-25
2024-12-01 08:02 -  urllib3.connectionpool - DEBUG - connectionpool - _new_conn - Starting new HTTPS connection (1): services-api.ryanair.com:443
2024-12-01 08:02 -  urllib3.connectionpool - DEBUG - connectionpool - _make_request - https://services-api.ryanair.com:443 "GET /farfnd/v4/oneWayFares?departureAirportIataCode=VNO&arrivalAirportIataCode=BCN&outboundDepartureDateFrom=2025-01-26&outboundDepartureDateTo=2025-01-26 HTTP/11" 200 None
2024-12-01 08:02 -  __main__ - INFO - ryanair_one_way_cheap - get_flight_values_from_data - No fares found in the response data.
2024-12-01 08:02 -  __main__ - INFO - ryanair_one_way_cheap - get_flights_by_date_range - No flight data available in 2025-01-26
2024-12-01 08:02 -  urllib3.connectionpool - DEBUG - connectionpool - _new_conn - Starting new HTTPS connection (1): services-api.ryanair.com:443
2024-12-01 08:02 -  urllib3.connectionpool - DEBUG - connectionpool - _make_request - https://services-api.ryanair.com:443 "GET /farfnd/v4/oneWayFares?departureAirportIataCode=VNO&arrivalAirportIataCode=BCN&outboundDepartureDateFrom=2025-01-27&outboundDepartureDateTo=2025-01-27 HTTP/11" 200 None
2024-12-01 08:02 -  __main__ - INFO - ryanair_one_way_cheap - get_flight_values_from_data - No fares found in the response data.
2024-12-01 08:02 -  __main__ - INFO - ryanair_one_way_cheap - get_flights_by_date_range - No flight data available in 2025-01-27
2024-12-01 08:02 -  urllib3.connectionpool - DEBUG - connectionpool - _new_conn - Starting new HTTPS connection (1): services-api.ryanair.com:443
2024-12-01 08:02 -  urllib3.connectionpool - DEBUG - connectionpool - _make_request - https://services-api.ryanair.com:443 "GET /farfnd/v4/oneWayFares?departureAirportIataCode=VNO&arrivalAirportIataCode=BCN&outboundDepartureDateFrom=2025-01-28&outboundDepartureDateTo=2025-01-28 HTTP/11" 200 None
2024-12-01 08:02 -  __main__ - INFO - ryanair_one_way_cheap - get_flight_values_from_data - Extracted flight information from response data
2024-12-01 08:02 -  file - INFO - file - read_load_json_file - Successfully loaded data from './script/data/vno_bcn_data.json'.
2024-12-01 08:02 -  file - INFO - file - check_if_entry_exists - Matching entry found.
2024-12-01 08:02 -  file - INFO - file - add_price_to_existing_entry - Added new price 46.45 to price list.Current prices: [46.11, 46.45]
2024-12-01 08:02 -  file - INFO - file - write_data_to_json_file - Data: list successfully written to './script/data/vno_bcn_data.json'.
2024-12-01 08:02 -  __main__ - INFO - ryanair_one_way_cheap - get_flights_by_date_range - Flight data successfully saved for 2025-01-28
2024-12-01 08:02 -  urllib3.connectionpool - DEBUG - connectionpool - _new_conn - Starting new HTTPS connection (1): services-api.ryanair.com:443
2024-12-01 08:02 -  urllib3.connectionpool - DEBUG - connectionpool - _make_request - https://services-api.ryanair.com:443 "GET /farfnd/v4/oneWayFares?departureAirportIataCode=VNO&arrivalAirportIataCode=BCN&outboundDepartureDateFrom=2025-01-29&outboundDepartureDateTo=2025-01-29 HTTP/11" 200 None
2024-12-01 08:02 -  __main__ - INFO - ryanair_one_way_cheap - get_flight_values_from_data - No fares found in the response data.
2024-12-01 08:02 -  __main__ - INFO - ryanair_one_way_cheap - get_flights_by_date_range - No flight data available in 2025-01-29
2024-12-01 08:02 -  urllib3.connectionpool - DEBUG - connectionpool - _new_conn - Starting new HTTPS connection (1): services-api.ryanair.com:443
2024-12-01 08:02 -  urllib3.connectionpool - DEBUG - connectionpool - _make_request - https://services-api.ryanair.com:443 "GET /farfnd/v4/oneWayFares?departureAirportIataCode=VNO&arrivalAirportIataCode=BCN&outboundDepartureDateFrom=2025-01-30&outboundDepartureDateTo=2025-01-30 HTTP/11" 200 None
2024-12-01 08:02 -  __main__ - INFO - ryanair_one_way_cheap - get_flight_values_from_data - No fares found in the response data.
2024-12-01 08:02 -  __main__ - INFO - ryanair_one_way_cheap - get_flights_by_date_range - No flight data available in 2025-01-30
2024-12-01 08:02 -  urllib3.connectionpool - DEBUG - connectionpool - _new_conn - Starting new HTTPS connection (1): services-api.ryanair.com:443
2024-12-01 08:02 -  urllib3.connectionpool - DEBUG - connectionpool - _make_request - https://services-api.ryanair.com:443 "GET /farfnd/v4/oneWayFares?departureAirportIataCode=VNO&arrivalAirportIataCode=BCN&outboundDepartureDateFrom=2025-01-31&outboundDepartureDateTo=2025-01-31 HTTP/11" 200 None
2024-12-01 08:02 -  __main__ - INFO - ryanair_one_way_cheap - get_flight_values_from_data - Extracted flight information from response data
2024-12-01 08:02 -  file - INFO - file - read_load_json_file - Successfully loaded data from './script/data/vno_bcn_data.json'.
2024-12-01 08:02 -  file - INFO - file - check_if_entry_exists - Matching entry found.
2024-12-01 08:02 -  file - INFO - file - add_price_to_existing_entry - Added new price 58.72 to price list.Current prices: [59.21, 58.72]
2024-12-01 08:02 -  file - INFO - file - write_data_to_json_file - Data: list successfully written to './script/data/vno_bcn_data.json'.
2024-12-01 08:02 -  __main__ - INFO - ryanair_one_way_cheap - get_flights_by_date_range - Flight data successfully saved for 2025-01-31
2024-12-01 08:02 -  urllib3.connectionpool - DEBUG - connectionpool - _new_conn - Starting new HTTPS connection (1): services-api.ryanair.com:443
2024-12-01 08:02 -  urllib3.connectionpool - DEBUG - connectionpool - _make_request - https://services-api.ryanair.com:443 "GET /farfnd/v4/oneWayFares?departureAirportIataCode=VNO&arrivalAirportIataCode=BCN&outboundDepartureDateFrom=2025-02-01&outboundDepartureDateTo=2025-02-01 HTTP/11" 200 None
2024-12-01 08:02 -  __main__ - INFO - ryanair_one_way_cheap - get_flight_values_from_data - Extracted flight information from response data
2024-12-01 08:02 -  file - INFO - file - read_load_json_file - Successfully loaded data from './script/data/vno_bcn_data.json'.
2024-12-01 08:02 -  file - INFO - file - check_if_entry_exists - Matching entry found.
2024-12-01 08:02 -  file - INFO - file - add_price_to_existing_entry - Added new price 57.3 to price list.Current prices: [58.75, 57.3]
2024-12-01 08:02 -  file - INFO - file - write_data_to_json_file - Data: list successfully written to './script/data/vno_bcn_data.json'.
2024-12-01 08:02 -  __main__ - INFO - ryanair_one_way_cheap - get_flights_by_date_range - Flight data successfully saved for 2025-02-01
2024-12-01 08:02 -  urllib3.connectionpool - DEBUG - connectionpool - _new_conn - Starting new HTTPS connection (1): services-api.ryanair.com:443
2024-12-01 08:02 -  urllib3.connectionpool - DEBUG - connectionpool - _make_request - https://services-api.ryanair.com:443 "GET /farfnd/v4/oneWayFares?departureAirportIataCode=VNO&arrivalAirportIataCode=BCN&outboundDepartureDateFrom=2025-02-02&outboundDepartureDateTo=2025-02-02 HTTP/11" 200 None
2024-12-01 08:02 -  __main__ - INFO - ryanair_one_way_cheap - get_flight_values_from_data - No fares found in the response data.
2024-12-01 08:02 -  __main__ - INFO - ryanair_one_way_cheap - get_flights_by_date_range - No flight data available in 2025-02-02
2024-12-01 08:02 -  urllib3.connectionpool - DEBUG - connectionpool - _new_conn - Starting new HTTPS connection (1): services-api.ryanair.com:443
2024-12-01 08:02 -  urllib3.connectionpool - DEBUG - connectionpool - _make_request - https://services-api.ryanair.com:443 "GET /farfnd/v4/oneWayFares?departureAirportIataCode=VNO&arrivalAirportIataCode=BCN&outboundDepartureDateFrom=2025-02-03&outboundDepartureDateTo=2025-02-03 HTTP/11" 200 None
2024-12-01 08:02 -  __main__ - INFO - ryanair_one_way_cheap - get_flight_values_from_data - No fares found in the response data.
2024-12-01 08:02 -  __main__ - INFO - ryanair_one_way_cheap - get_flights_by_date_range - No flight data available in 2025-02-03
2024-12-01 08:02 -  urllib3.connectionpool - DEBUG - connectionpool - _new_conn - Starting new HTTPS connection (1): services-api.ryanair.com:443
2024-12-01 08:02 -  urllib3.connectionpool - DEBUG - connectionpool - _make_request - https://services-api.ryanair.com:443 "GET /farfnd/v4/oneWayFares?departureAirportIataCode=VNO&arrivalAirportIataCode=BCN&outboundDepartureDateFrom=2025-02-04&outboundDepartureDateTo=2025-02-04 HTTP/11" 200 None
2024-12-01 08:02 -  __main__ - INFO - ryanair_one_way_cheap - get_flight_values_from_data - Extracted flight information from response data
2024-12-01 08:02 -  file - INFO - file - read_load_json_file - Successfully loaded data from './script/data/vno_bcn_data.json'.
2024-12-01 08:02 -  file - INFO - file - check_if_entry_exists - Matching entry found.
2024-12-01 08:02 -  file - INFO - file - add_price_to_existing_entry - Added new price 57.3 to price list.Current prices: [63.34, 57.3]
2024-12-01 08:02 -  file - INFO - file - write_data_to_json_file - Data: list successfully written to './script/data/vno_bcn_data.json'.
2024-12-01 08:02 -  __main__ - INFO - ryanair_one_way_cheap - get_flights_by_date_range - Flight data successfully saved for 2025-02-04
2024-12-01 08:02 -  urllib3.connectionpool - DEBUG - connectionpool - _new_conn - Starting new HTTPS connection (1): services-api.ryanair.com:443
2024-12-01 08:02 -  urllib3.connectionpool - DEBUG - connectionpool - _make_request - https://services-api.ryanair.com:443 "GET /farfnd/v4/oneWayFares?departureAirportIataCode=VNO&arrivalAirportIataCode=BCN&outboundDepartureDateFrom=2025-02-05&outboundDepartureDateTo=2025-02-05 HTTP/11" 200 None
2024-12-01 08:02 -  __main__ - INFO - ryanair_one_way_cheap - get_flight_values_from_data - No fares found in the response data.
2024-12-01 08:02 -  __main__ - INFO - ryanair_one_way_cheap - get_flights_by_date_range - No flight data available in 2025-02-05
2024-12-01 08:02 -  urllib3.connectionpool - DEBUG - connectionpool - _new_conn - Starting new HTTPS connection (1): services-api.ryanair.com:443
2024-12-01 08:02 -  urllib3.connectionpool - DEBUG - connectionpool - _make_request - https://services-api.ryanair.com:443 "GET /farfnd/v4/oneWayFares?departureAirportIataCode=VNO&arrivalAirportIataCode=BCN&outboundDepartureDateFrom=2025-02-06&outboundDepartureDateTo=2025-02-06 HTTP/11" 200 None
2024-12-01 08:02 -  __main__ - INFO - ryanair_one_way_cheap - get_flight_values_from_data - No fares found in the response data.
2024-12-01 08:02 -  __main__ - INFO - ryanair_one_way_cheap - get_flights_by_date_range - No flight data available in 2025-02-06
2024-12-01 08:02 -  urllib3.connectionpool - DEBUG - connectionpool - _new_conn - Starting new HTTPS connection (1): services-api.ryanair.com:443
2024-12-01 08:02 -  urllib3.connectionpool - DEBUG - connectionpool - _make_request - https://services-api.ryanair.com:443 "GET /farfnd/v4/oneWayFares?departureAirportIataCode=VNO&arrivalAirportIataCode=BCN&outboundDepartureDateFrom=2025-02-07&outboundDepartureDateTo=2025-02-07 HTTP/11" 200 None
2024-12-01 08:02 -  __main__ - INFO - ryanair_one_way_cheap - get_flight_values_from_data - Extracted flight information from response data
2024-12-01 08:02 -  file - INFO - file - read_load_json_file - Successfully loaded data from './script/data/vno_bcn_data.json'.
2024-12-01 08:02 -  file - INFO - file - check_if_entry_exists - Matching entry found.
2024-12-01 08:02 -  file - INFO - file - add_price_to_existing_entry - Added new price 50.29 to price list.Current prices: [51.87, 50.29]
2024-12-01 08:02 -  file - INFO - file - write_data_to_json_file - Data: list successfully written to './script/data/vno_bcn_data.json'.
2024-12-01 08:02 -  __main__ - INFO - ryanair_one_way_cheap - get_flights_by_date_range - Flight data successfully saved for 2025-02-07
2024-12-01 08:02 -  urllib3.connectionpool - DEBUG - connectionpool - _new_conn - Starting new HTTPS connection (1): services-api.ryanair.com:443
2024-12-01 08:02 -  urllib3.connectionpool - DEBUG - connectionpool - _make_request - https://services-api.ryanair.com:443 "GET /farfnd/v4/oneWayFares?departureAirportIataCode=VNO&arrivalAirportIataCode=BCN&outboundDepartureDateFrom=2025-02-08&outboundDepartureDateTo=2025-02-08 HTTP/11" 200 None
2024-12-01 08:02 -  __main__ - INFO - ryanair_one_way_cheap - get_flight_values_from_data - Extracted flight information from response data
2024-12-01 08:02 -  file - INFO - file - read_load_json_file - Successfully loaded data from './script/data/vno_bcn_data.json'.
2024-12-01 08:02 -  file - INFO - file - check_if_entry_exists - Matching entry found.
2024-12-01 08:02 -  file - INFO - file - add_price_to_existing_entry - Added new price 39.84 to price list.Current prices: [38.97, 39.84]
2024-12-01 08:02 -  file - INFO - file - write_data_to_json_file - Data: list successfully written to './script/data/vno_bcn_data.json'.
2024-12-01 08:02 -  __main__ - INFO - ryanair_one_way_cheap - get_flights_by_date_range - Flight data successfully saved for 2025-02-08
2024-12-01 08:02 -  urllib3.connectionpool - DEBUG - connectionpool - _new_conn - Starting new HTTPS connection (1): services-api.ryanair.com:443
2024-12-01 08:02 -  urllib3.connectionpool - DEBUG - connectionpool - _make_request - https://services-api.ryanair.com:443 "GET /farfnd/v4/oneWayFares?departureAirportIataCode=VNO&arrivalAirportIataCode=BCN&outboundDepartureDateFrom=2025-02-09&outboundDepartureDateTo=2025-02-09 HTTP/11" 200 None
2024-12-01 08:02 -  __main__ - INFO - ryanair_one_way_cheap - get_flight_values_from_data - No fares found in the response data.
2024-12-01 08:02 -  __main__ - INFO - ryanair_one_way_cheap - get_flights_by_date_range - No flight data available in 2025-02-09
2024-12-01 08:02 -  urllib3.connectionpool - DEBUG - connectionpool - _new_conn - Starting new HTTPS connection (1): services-api.ryanair.com:443
2024-12-01 08:02 -  urllib3.connectionpool - DEBUG - connectionpool - _make_request - https://services-api.ryanair.com:443 "GET /farfnd/v4/oneWayFares?departureAirportIataCode=VNO&arrivalAirportIataCode=BCN&outboundDepartureDateFrom=2025-02-10&outboundDepartureDateTo=2025-02-10 HTTP/11" 200 None
2024-12-01 08:02 -  __main__ - INFO - ryanair_one_way_cheap - get_flight_values_from_data - No fares found in the response data.
2024-12-01 08:02 -  __main__ - INFO - ryanair_one_way_cheap - get_flights_by_date_range - No flight data available in 2025-02-10
2024-12-01 08:02 -  urllib3.connectionpool - DEBUG - connectionpool - _new_conn - Starting new HTTPS connection (1): services-api.ryanair.com:443
2024-12-01 08:02 -  urllib3.connectionpool - DEBUG - connectionpool - _make_request - https://services-api.ryanair.com:443 "GET /farfnd/v4/oneWayFares?departureAirportIataCode=VNO&arrivalAirportIataCode=BCN&outboundDepartureDateFrom=2025-02-11&outboundDepartureDateTo=2025-02-11 HTTP/11" 200 None
2024-12-01 08:02 -  __main__ - INFO - ryanair_one_way_cheap - get_flight_values_from_data - Extracted flight information from response data
2024-12-01 08:02 -  file - INFO - file - read_load_json_file - Successfully loaded data from './script/data/vno_bcn_data.json'.
2024-12-01 08:02 -  file - INFO - file - check_if_entry_exists - Matching entry found.
2024-12-01 08:02 -  file - INFO - file - add_price_to_existing_entry - Added new price 48.0 to price list.Current prices: [54.99, 48.0]
2024-12-01 08:02 -  file - INFO - file - write_data_to_json_file - Data: list successfully written to './script/data/vno_bcn_data.json'.
2024-12-01 08:02 -  __main__ - INFO - ryanair_one_way_cheap - get_flights_by_date_range - Flight data successfully saved for 2025-02-11
2024-12-01 08:02 -  urllib3.connectionpool - DEBUG - connectionpool - _new_conn - Starting new HTTPS connection (1): services-api.ryanair.com:443
2024-12-01 08:02 -  urllib3.connectionpool - DEBUG - connectionpool - _make_request - https://services-api.ryanair.com:443 "GET /farfnd/v4/oneWayFares?departureAirportIataCode=VNO&arrivalAirportIataCode=BCN&outboundDepartureDateFrom=2025-02-12&outboundDepartureDateTo=2025-02-12 HTTP/11" 200 None
2024-12-01 08:02 -  __main__ - INFO - ryanair_one_way_cheap - get_flight_values_from_data - No fares found in the response data.
2024-12-01 08:02 -  __main__ - INFO - ryanair_one_way_cheap - get_flights_by_date_range - No flight data available in 2025-02-12
2024-12-01 08:02 -  urllib3.connectionpool - DEBUG - connectionpool - _new_conn - Starting new HTTPS connection (1): services-api.ryanair.com:443
2024-12-01 08:02 -  urllib3.connectionpool - DEBUG - connectionpool - _make_request - https://services-api.ryanair.com:443 "GET /farfnd/v4/oneWayFares?departureAirportIataCode=VNO&arrivalAirportIataCode=BCN&outboundDepartureDateFrom=2025-02-13&outboundDepartureDateTo=2025-02-13 HTTP/11" 200 None
2024-12-01 08:02 -  __main__ - INFO - ryanair_one_way_cheap - get_flight_values_from_data - No fares found in the response data.
2024-12-01 08:02 -  __main__ - INFO - ryanair_one_way_cheap - get_flights_by_date_range - No flight data available in 2025-02-13
2024-12-01 08:02 -  urllib3.connectionpool - DEBUG - connectionpool - _new_conn - Starting new HTTPS connection (1): services-api.ryanair.com:443
2024-12-01 08:02 -  urllib3.connectionpool - DEBUG - connectionpool - _make_request - https://services-api.ryanair.com:443 "GET /farfnd/v4/oneWayFares?departureAirportIataCode=VNO&arrivalAirportIataCode=BCN&outboundDepartureDateFrom=2025-02-14&outboundDepartureDateTo=2025-02-14 HTTP/11" 200 None
2024-12-01 08:02 -  __main__ - INFO - ryanair_one_way_cheap - get_flight_values_from_data - Extracted flight information from response data
2024-12-01 08:02 -  file - INFO - file - read_load_json_file - Successfully loaded data from './script/data/vno_bcn_data.json'.
2024-12-01 08:02 -  file - INFO - file - check_if_entry_exists - Matching entry found.
2024-12-01 08:02 -  file - INFO - file - add_price_to_existing_entry - Added new price 88.29 to price list.Current prices: [103.7, 88.29]
2024-12-01 08:02 -  file - INFO - file - write_data_to_json_file - Data: list successfully written to './script/data/vno_bcn_data.json'.
2024-12-01 08:02 -  __main__ - INFO - ryanair_one_way_cheap - get_flights_by_date_range - Flight data successfully saved for 2025-02-14
2024-12-01 08:02 -  urllib3.connectionpool - DEBUG - connectionpool - _new_conn - Starting new HTTPS connection (1): services-api.ryanair.com:443
2024-12-01 08:02 -  urllib3.connectionpool - DEBUG - connectionpool - _make_request - https://services-api.ryanair.com:443 "GET /farfnd/v4/oneWayFares?departureAirportIataCode=VNO&arrivalAirportIataCode=BCN&outboundDepartureDateFrom=2025-02-15&outboundDepartureDateTo=2025-02-15 HTTP/11" 200 None
2024-12-01 08:02 -  __main__ - INFO - ryanair_one_way_cheap - get_flight_values_from_data - Extracted flight information from response data
2024-12-01 08:02 -  file - INFO - file - read_load_json_file - Successfully loaded data from './script/data/vno_bcn_data.json'.
2024-12-01 08:02 -  file - INFO - file - check_if_entry_exists - Matching entry found.
2024-12-01 08:02 -  file - INFO - file - add_price_to_existing_entry - Added new price 129.04 to price list.Current prices: [106.5, 129.04]
2024-12-01 08:02 -  file - INFO - file - write_data_to_json_file - Data: list successfully written to './script/data/vno_bcn_data.json'.
2024-12-01 08:02 -  __main__ - INFO - ryanair_one_way_cheap - get_flights_by_date_range - Flight data successfully saved for 2025-02-15
2024-12-01 08:02 -  urllib3.connectionpool - DEBUG - connectionpool - _new_conn - Starting new HTTPS connection (1): services-api.ryanair.com:443
2024-12-01 08:02 -  urllib3.connectionpool - DEBUG - connectionpool - _make_request - https://services-api.ryanair.com:443 "GET /farfnd/v4/oneWayFares?departureAirportIataCode=VNO&arrivalAirportIataCode=BCN&outboundDepartureDateFrom=2025-02-16&outboundDepartureDateTo=2025-02-16 HTTP/11" 200 None
2024-12-01 08:02 -  __main__ - INFO - ryanair_one_way_cheap - get_flight_values_from_data - No fares found in the response data.
2024-12-01 08:02 -  __main__ - INFO - ryanair_one_way_cheap - get_flights_by_date_range - No flight data available in 2025-02-16
2024-12-01 08:02 -  urllib3.connectionpool - DEBUG - connectionpool - _new_conn - Starting new HTTPS connection (1): services-api.ryanair.com:443
2024-12-01 08:02 -  urllib3.connectionpool - DEBUG - connectionpool - _make_request - https://services-api.ryanair.com:443 "GET /farfnd/v4/oneWayFares?departureAirportIataCode=VNO&arrivalAirportIataCode=BCN&outboundDepartureDateFrom=2025-02-17&outboundDepartureDateTo=2025-02-17 HTTP/11" 200 None
2024-12-01 08:02 -  __main__ - INFO - ryanair_one_way_cheap - get_flight_values_from_data - No fares found in the response data.
2024-12-01 08:02 -  __main__ - INFO - ryanair_one_way_cheap - get_flights_by_date_range - No flight data available in 2025-02-17
2024-12-01 08:02 -  urllib3.connectionpool - DEBUG - connectionpool - _new_conn - Starting new HTTPS connection (1): services-api.ryanair.com:443
2024-12-01 08:02 -  urllib3.connectionpool - DEBUG - connectionpool - _make_request - https://services-api.ryanair.com:443 "GET /farfnd/v4/oneWayFares?departureAirportIataCode=VNO&arrivalAirportIataCode=BCN&outboundDepartureDateFrom=2025-02-18&outboundDepartureDateTo=2025-02-18 HTTP/11" 200 None
2024-12-01 08:02 -  __main__ - INFO - ryanair_one_way_cheap - get_flight_values_from_data - Extracted flight information from response data
2024-12-01 08:02 -  file - INFO - file - read_load_json_file - Successfully loaded data from './script/data/vno_bcn_data.json'.
2024-12-01 08:02 -  file - INFO - file - check_if_entry_exists - Matching entry found.
2024-12-01 08:02 -  file - INFO - file - check_append_price_and_write_data_to_json_file - No update needed. The price is already in the entry.
2024-12-01 08:02 -  __main__ - INFO - ryanair_one_way_cheap - get_flights_by_date_range - Flight data successfully saved for 2025-02-18
2024-12-01 08:02 -  urllib3.connectionpool - DEBUG - connectionpool - _new_conn - Starting new HTTPS connection (1): services-api.ryanair.com:443
2024-12-01 08:02 -  urllib3.connectionpool - DEBUG - connectionpool - _make_request - https://services-api.ryanair.com:443 "GET /farfnd/v4/oneWayFares?departureAirportIataCode=VNO&arrivalAirportIataCode=BCN&outboundDepartureDateFrom=2025-02-19&outboundDepartureDateTo=2025-02-19 HTTP/11" 200 None
2024-12-01 08:02 -  __main__ - INFO - ryanair_one_way_cheap - get_flight_values_from_data - Extracted flight information from response data
2024-12-01 08:02 -  file - INFO - file - read_load_json_file - Successfully loaded data from './script/data/vno_bcn_data.json'.
2024-12-01 08:02 -  file - INFO - file - check_if_entry_exists - Matching entry found.
2024-12-01 08:02 -  file - INFO - file - add_price_to_existing_entry - Added new price 43.94 to price list.Current prices: [44.06, 43.94]
2024-12-01 08:02 -  file - INFO - file - write_data_to_json_file - Data: list successfully written to './script/data/vno_bcn_data.json'.
2024-12-01 08:02 -  __main__ - INFO - ryanair_one_way_cheap - get_flights_by_date_range - Flight data successfully saved for 2025-02-19
2024-12-01 08:02 -  urllib3.connectionpool - DEBUG - connectionpool - _new_conn - Starting new HTTPS connection (1): services-api.ryanair.com:443
2024-12-01 08:02 -  urllib3.connectionpool - DEBUG - connectionpool - _make_request - https://services-api.ryanair.com:443 "GET /farfnd/v4/oneWayFares?departureAirportIataCode=VNO&arrivalAirportIataCode=BCN&outboundDepartureDateFrom=2025-02-20&outboundDepartureDateTo=2025-02-20 HTTP/11" 200 None
2024-12-01 08:02 -  __main__ - INFO - ryanair_one_way_cheap - get_flight_values_from_data - Extracted flight information from response data
2024-12-01 08:02 -  file - INFO - file - read_load_json_file - Successfully loaded data from './script/data/vno_bcn_data.json'.
2024-12-01 08:02 -  file - INFO - file - check_if_entry_exists - Matching entry found.
2024-12-01 08:02 -  file - INFO - file - check_append_price_and_write_data_to_json_file - No update needed. The price is already in the entry.
2024-12-01 08:02 -  __main__ - INFO - ryanair_one_way_cheap - get_flights_by_date_range - Flight data successfully saved for 2025-02-20
2024-12-01 08:02 -  urllib3.connectionpool - DEBUG - connectionpool - _new_conn - Starting new HTTPS connection (1): services-api.ryanair.com:443
2024-12-01 08:02 -  urllib3.connectionpool - DEBUG - connectionpool - _make_request - https://services-api.ryanair.com:443 "GET /farfnd/v4/oneWayFares?departureAirportIataCode=VNO&arrivalAirportIataCode=BCN&outboundDepartureDateFrom=2025-02-21&outboundDepartureDateTo=2025-02-21 HTTP/11" 200 None
2024-12-01 08:02 -  __main__ - INFO - ryanair_one_way_cheap - get_flight_values_from_data - Extracted flight information from response data
2024-12-01 08:02 -  file - INFO - file - read_load_json_file - Successfully loaded data from './script/data/vno_bcn_data.json'.
2024-12-01 08:02 -  file - INFO - file - check_if_entry_exists - Matching entry found.
2024-12-01 08:02 -  file - INFO - file - check_append_price_and_write_data_to_json_file - No update needed. The price is already in the entry.
2024-12-01 08:02 -  __main__ - INFO - ryanair_one_way_cheap - get_flights_by_date_range - Flight data successfully saved for 2025-02-21
2024-12-01 08:02 -  urllib3.connectionpool - DEBUG - connectionpool - _new_conn - Starting new HTTPS connection (1): services-api.ryanair.com:443
2024-12-01 08:02 -  urllib3.connectionpool - DEBUG - connectionpool - _make_request - https://services-api.ryanair.com:443 "GET /farfnd/v4/oneWayFares?departureAirportIataCode=VNO&arrivalAirportIataCode=BCN&outboundDepartureDateFrom=2025-02-22&outboundDepartureDateTo=2025-02-22 HTTP/11" 200 None
2024-12-01 08:02 -  __main__ - INFO - ryanair_one_way_cheap - get_flight_values_from_data - Extracted flight information from response data
2024-12-01 08:02 -  file - INFO - file - read_load_json_file - Successfully loaded data from './script/data/vno_bcn_data.json'.
2024-12-01 08:02 -  file - INFO - file - check_if_entry_exists - Matching entry found.
2024-12-01 08:02 -  file - INFO - file - check_append_price_and_write_data_to_json_file - No update needed. The price is already in the entry.
2024-12-01 08:02 -  __main__ - INFO - ryanair_one_way_cheap - get_flights_by_date_range - Flight data successfully saved for 2025-02-22
2024-12-01 08:02 -  urllib3.connectionpool - DEBUG - connectionpool - _new_conn - Starting new HTTPS connection (1): services-api.ryanair.com:443
2024-12-01 08:02 -  urllib3.connectionpool - DEBUG - connectionpool - _make_request - https://services-api.ryanair.com:443 "GET /farfnd/v4/oneWayFares?departureAirportIataCode=VNO&arrivalAirportIataCode=BCN&outboundDepartureDateFrom=2025-02-23&outboundDepartureDateTo=2025-02-23 HTTP/11" 200 None
2024-12-01 08:02 -  __main__ - INFO - ryanair_one_way_cheap - get_flight_values_from_data - No fares found in the response data.
2024-12-01 08:02 -  __main__ - INFO - ryanair_one_way_cheap - get_flights_by_date_range - No flight data available in 2025-02-23
2024-12-01 08:02 -  urllib3.connectionpool - DEBUG - connectionpool - _new_conn - Starting new HTTPS connection (1): services-api.ryanair.com:443
2024-12-01 08:02 -  urllib3.connectionpool - DEBUG - connectionpool - _make_request - https://services-api.ryanair.com:443 "GET /farfnd/v4/oneWayFares?departureAirportIataCode=VNO&arrivalAirportIataCode=BCN&outboundDepartureDateFrom=2025-02-24&outboundDepartureDateTo=2025-02-24 HTTP/11" 200 None
2024-12-01 08:02 -  __main__ - INFO - ryanair_one_way_cheap - get_flight_values_from_data - No fares found in the response data.
2024-12-01 08:02 -  __main__ - INFO - ryanair_one_way_cheap - get_flights_by_date_range - No flight data available in 2025-02-24
2024-12-01 08:02 -  urllib3.connectionpool - DEBUG - connectionpool - _new_conn - Starting new HTTPS connection (1): services-api.ryanair.com:443
2024-12-01 08:02 -  urllib3.connectionpool - DEBUG - connectionpool - _make_request - https://services-api.ryanair.com:443 "GET /farfnd/v4/oneWayFares?departureAirportIataCode=VNO&arrivalAirportIataCode=BCN&outboundDepartureDateFrom=2025-02-25&outboundDepartureDateTo=2025-02-25 HTTP/11" 200 None
2024-12-01 08:02 -  __main__ - INFO - ryanair_one_way_cheap - get_flight_values_from_data - Extracted flight information from response data
2024-12-01 08:02 -  file - INFO - file - read_load_json_file - Successfully loaded data from './script/data/vno_bcn_data.json'.
2024-12-01 08:02 -  file - INFO - file - check_if_entry_exists - Matching entry found.
2024-12-01 08:02 -  file - INFO - file - check_append_price_and_write_data_to_json_file - No update needed. The price is already in the entry.
2024-12-01 08:02 -  __main__ - INFO - ryanair_one_way_cheap - get_flights_by_date_range - Flight data successfully saved for 2025-02-25
2024-12-01 08:02 -  urllib3.connectionpool - DEBUG - connectionpool - _new_conn - Starting new HTTPS connection (1): services-api.ryanair.com:443
2024-12-01 08:02 -  urllib3.connectionpool - DEBUG - connectionpool - _make_request - https://services-api.ryanair.com:443 "GET /farfnd/v4/oneWayFares?departureAirportIataCode=VNO&arrivalAirportIataCode=BCN&outboundDepartureDateFrom=2025-02-26&outboundDepartureDateTo=2025-02-26 HTTP/11" 200 None
2024-12-01 08:02 -  __main__ - INFO - ryanair_one_way_cheap - get_flight_values_from_data - No fares found in the response data.
2024-12-01 08:02 -  __main__ - INFO - ryanair_one_way_cheap - get_flights_by_date_range - No flight data available in 2025-02-26
2024-12-01 08:02 -  urllib3.connectionpool - DEBUG - connectionpool - _new_conn - Starting new HTTPS connection (1): services-api.ryanair.com:443
2024-12-01 08:02 -  urllib3.connectionpool - DEBUG - connectionpool - _make_request - https://services-api.ryanair.com:443 "GET /farfnd/v4/oneWayFares?departureAirportIataCode=VNO&arrivalAirportIataCode=BCN&outboundDepartureDateFrom=2025-02-27&outboundDepartureDateTo=2025-02-27 HTTP/11" 200 None
2024-12-01 08:02 -  __main__ - INFO - ryanair_one_way_cheap - get_flight_values_from_data - No fares found in the response data.
2024-12-01 08:02 -  __main__ - INFO - ryanair_one_way_cheap - get_flights_by_date_range - No flight data available in 2025-02-27
2024-12-01 08:02 -  urllib3.connectionpool - DEBUG - connectionpool - _new_conn - Starting new HTTPS connection (1): services-api.ryanair.com:443
2024-12-01 08:02 -  urllib3.connectionpool - DEBUG - connectionpool - _make_request - https://services-api.ryanair.com:443 "GET /farfnd/v4/oneWayFares?departureAirportIataCode=VNO&arrivalAirportIataCode=BCN&outboundDepartureDateFrom=2025-02-28&outboundDepartureDateTo=2025-02-28 HTTP/11" 200 None
2024-12-01 08:02 -  __main__ - INFO - ryanair_one_way_cheap - get_flight_values_from_data - Extracted flight information from response data
2024-12-01 08:02 -  file - INFO - file - read_load_json_file - Successfully loaded data from './script/data/vno_bcn_data.json'.
2024-12-01 08:02 -  file - INFO - file - check_if_entry_exists - Matching entry found.
2024-12-01 08:02 -  file - INFO - file - check_append_price_and_write_data_to_json_file - No update needed. The price is already in the entry.
2024-12-01 08:02 -  __main__ - INFO - ryanair_one_way_cheap - get_flights_by_date_range - Flight data successfully saved for 2025-02-28
2024-12-01 08:02 -  urllib3.connectionpool - DEBUG - connectionpool - _new_conn - Starting new HTTPS connection (1): services-api.ryanair.com:443
2024-12-01 08:02 -  urllib3.connectionpool - DEBUG - connectionpool - _make_request - https://services-api.ryanair.com:443 "GET /farfnd/v4/oneWayFares?departureAirportIataCode=VNO&arrivalAirportIataCode=BCN&outboundDepartureDateFrom=2025-03-01&outboundDepartureDateTo=2025-03-01 HTTP/11" 200 None
2024-12-01 08:02 -  __main__ - INFO - ryanair_one_way_cheap - get_flight_values_from_data - Extracted flight information from response data
2024-12-01 08:02 -  file - INFO - file - read_load_json_file - Successfully loaded data from './script/data/vno_bcn_data.json'.
2024-12-01 08:02 -  file - INFO - file - check_if_entry_exists - No matching entry found.
2024-12-01 08:02 -  file - INFO - file - write_data_to_json_file - Data: list successfully written to './script/data/vno_bcn_data.json'.
2024-12-01 08:02 -  __main__ - INFO - ryanair_one_way_cheap - get_flights_by_date_range - Flight data successfully saved for 2025-03-01
2024-12-01 08:02 -  file - INFO - file - read_load_json_file - Successfully loaded data from './script/data/vno_bcn_data.json'.
2024-12-01 08:02 -  __main__ - INFO - ryanair_one_way_cheap - <module> - Flight data scraping complete
